#
# There is insufficient memory for the Java Runtime Environment to continue.
# Native memory allocation (malloc) failed to allocate 240736 bytes for Chunk::new
# Possible reasons:
#   The system is out of physical RAM or swap space
#   In 32 bit mode, the process size limit was hit
# Possible solutions:
#   Reduce memory load on the system
#   Increase physical memory or swap space
#   Check if swap backing store is full
#   Use 64 bit Java on a 64 bit OS
#   Decrease Java heap size (-Xmx/-Xms)
#   Decrease number of Java threads
#   Decrease Java thread stack sizes (-Xss)
#   Set larger code cache with -XX:ReservedCodeCacheSize=
# This output file may be truncated or incomplete.
#
#  Out of Memory Error (allocation.cpp:390), pid=21596, tid=0x000000000000559c
#
# JRE version: OpenJDK Runtime Environment (8.0_112-b06) (build 1.8.0_112-release-b06)
# Java VM: OpenJDK 64-Bit Server VM (25.112-b06 mixed mode windows-amd64 compressed oops)
# Failed to write core dump. Minidumps are not enabled by default on client versions of Windows
#

---------------  T H R E A D  ---------------

Current thread (0x0000000014ee1800):  JavaThread "C2 CompilerThread0" daemon [_thread_in_native, id=21916, stack(0x0000000016b60000,0x0000000016c60000)]

Stack: [0x0000000016b60000,0x0000000016c60000]
[error occurred during error reporting (printing stack bounds), id 0xc0000005]

Native frames: (J=compiled Java code, j=interpreted, Vv=VM code, C=native code)


Current CompileTask:
C2:   1575 1252 %     4       com.android.dx.ssa.SsaMethod::deleteInsns @ 42 (239 bytes)


---------------  P R O C E S S  ---------------

Java Threads: ( => current thread )
  0x000000001701e800 JavaThread "pool-2-thread-4" [_thread_in_vm, id=22076, stack(0x0000000017860000,0x0000000017960000)]
  0x0000000016f18000 JavaThread "pool-2-thread-3" [_thread_in_vm, id=22080, stack(0x0000000017760000,0x0000000017860000)]
  0x0000000016f17800 JavaThread "pool-2-thread-2" [_thread_blocked, id=22060, stack(0x0000000017660000,0x0000000017760000)]
  0x0000000016ef7800 JavaThread "pool-3-thread-1" [_thread_blocked, id=1056, stack(0x0000000017560000,0x0000000017660000)]
  0x0000000016ef7000 JavaThread "pool-2-thread-1" [_thread_in_Java, id=4188, stack(0x0000000017460000,0x0000000017560000)]
  0x0000000016daa800 JavaThread "Service Thread" daemon [_thread_blocked, id=18736, stack(0x0000000017260000,0x0000000017360000)]
  0x0000000016d9d000 JavaThread "C1 CompilerThread2" daemon [_thread_blocked, id=18572, stack(0x0000000017160000,0x0000000017260000)]
  0x0000000014ee4800 JavaThread "C2 CompilerThread1" daemon [_thread_in_native, id=16464, stack(0x0000000016c60000,0x0000000016d60000)]
=>0x0000000014ee1800 JavaThread "C2 CompilerThread0" daemon [_thread_in_native, id=21916, stack(0x0000000016b60000,0x0000000016c60000)]
  0x0000000014edc000 JavaThread "Attach Listener" daemon [_thread_blocked, id=21948, stack(0x0000000016a60000,0x0000000016b60000)]
  0x0000000014edb000 JavaThread "Signal Dispatcher" daemon [_thread_blocked, id=21900, stack(0x0000000016960000,0x0000000016a60000)]
  0x0000000014ec8800 JavaThread "Finalizer" daemon [_thread_blocked, id=21560, stack(0x0000000016760000,0x0000000016860000)]
  0x00000000025c5000 JavaThread "Reference Handler" daemon [_thread_blocked, id=21556, stack(0x0000000016660000,0x0000000016760000)]
  0x00000000024d0800 JavaThread "main" [_thread_blocked, id=22332, stack(0x00000000023d0000,0x00000000024d0000)]

Other Threads:
  0x0000000014ea6800 VMThread [stack: 0x0000000016560000,0x0000000016660000] [id=21568]
  0x0000000016dad800 WatcherThread [stack: 0x0000000017360000,0x0000000017460000] [id=7400]

VM state:synchronizing (normal execution)

VM Mutex/Monitor currently owned by a thread:  ([mutex/lock_event])
[0x000000000237c6b0] Safepoint_lock - owner thread: 0x0000000014ea6800
[0x000000000237c8b0] Threads_lock - owner thread: 0x0000000014ea6800
[0x000000000237bdb0] Heap_lock - owner thread: 0x0000000016f18000

Heap:
 PSYoungGen      total 28672K, used 28656K [0x00000000eab00000, 0x00000000ee300000, 0x0000000100000000)
  eden space 24576K, 100% used [0x00000000eab00000,0x00000000ec300000,0x00000000ec300000)
  from space 4096K, 99% used [0x00000000ec300000,0x00000000ec6fc028,0x00000000ec700000)
  to   space 4096K, 0% used [0x00000000edf00000,0x00000000edf00000,0x00000000ee300000)
 ParOldGen       total 65536K, used 1601K [0x00000000c0000000, 0x00000000c4000000, 0x00000000eab00000)
  object space 65536K, 2% used [0x00000000c0000000,0x00000000c0190540,0x00000000c4000000)
 Metaspace       used 5759K, capacity 6960K, committed 7040K, reserved 1056768K
  class space    used 560K, capacity 616K, committed 640K, reserved 1048576K

Card table byte_map: [0x0000000011990000,0x0000000011ba0000] byte_map_base: 0x0000000011390000

Marking Bits: (ParMarkBitMap*) 0x00000000672918f0
 Begin Bits: [0x0000000012300000, 0x0000000013300000)
 End Bits:   [0x0000000013300000, 0x0000000014300000)

Polling page: 0x0000000000a30000

CodeCache: size=245760Kb used=5224Kb max_used=5224Kb free=240535Kb
 bounds [0x00000000025d0000, 0x0000000002af0000, 0x00000000115d0000]
 total_blobs=1536 nmethods=1276 adapters=175
 compilation: enabled

Compilation events (10 events):
Event: 1.490 Thread 0x0000000014ee4800 nmethod 1248 0x0000000002ad2c50 code [0x0000000002ad2e60, 0x0000000002ad3910]
Event: 1.490 Thread 0x0000000014ee4800 1262       4       com.android.dx.ssa.back.LivenessAnalyzer::run (231 bytes)
Event: 1.490 Thread 0x0000000016d9d000 nmethod 1261 0x0000000002ab66d0 code [0x0000000002ab68c0, 0x0000000002ab72b8]
Event: 1.490 Thread 0x0000000016d9d000 1263       3       com.android.dx.util.LabeledList::<init> (57 bytes)
Event: 1.491 Thread 0x0000000016d9d000 nmethod 1263 0x0000000002ac1350 code [0x0000000002ac1580, 0x0000000002ac2238]
Event: 1.491 Thread 0x0000000016d9d000 1264       3       com.android.dx.dex.code.TargetInsn::<init> (29 bytes)
Event: 1.491 Thread 0x0000000016d9d000 nmethod 1264 0x0000000002aa37d0 code [0x0000000002aa3960, 0x0000000002aa3c78]
Event: 1.491 Thread 0x0000000016d9d000 1265       3       java.util.HashMap::<init> (8 bytes)
Event: 1.491 Thread 0x0000000016d9d000 nmethod 1265 0x0000000002ac0f90 code [0x0000000002ac1120, 0x0000000002ac12a8]
Event: 1.491 Thread 0x0000000016d9d000 1266       3       java.util.HashMap::<init> (98 bytes)

GC Heap History (2 events):
Event: 0.918 GC heap before
{Heap before GC invocations=1 (full 0):
 PSYoungGen      total 28672K, used 24576K [0x00000000eab00000, 0x00000000ecb00000, 0x0000000100000000)
  eden space 24576K, 100% used [0x00000000eab00000,0x00000000ec300000,0x00000000ec300000)
  from space 4096K, 0% used [0x00000000ec700000,0x00000000ec700000,0x00000000ecb00000)
  to   space 4096K, 0% used [0x00000000ec300000,0x00000000ec300000,0x00000000ec700000)
 ParOldGen       total 65536K, used 0K [0x00000000c0000000, 0x00000000c4000000, 0x00000000eab00000)
  object space 65536K, 0% used [0x00000000c0000000,0x00000000c0000000,0x00000000c4000000)
 Metaspace       used 5669K, capacity 6896K, committed 7040K, reserved 1056768K
  class space    used 559K, capacity 616K, committed 640K, reserved 1048576K
Event: 0.948 GC heap after
Heap after GC invocations=1 (full 0):
 PSYoungGen      total 28672K, used 4080K [0x00000000eab00000, 0x00000000ee300000, 0x0000000100000000)
  eden space 24576K, 0% used [0x00000000eab00000,0x00000000eab00000,0x00000000ec300000)
  from space 4096K, 99% used [0x00000000ec300000,0x00000000ec6fc028,0x00000000ec700000)
  to   space 4096K, 0% used [0x00000000edf00000,0x00000000edf00000,0x00000000ee300000)
 ParOldGen       total 65536K, used 1601K [0x00000000c0000000, 0x00000000c4000000, 0x00000000eab00000)
  object space 65536K, 2% used [0x00000000c0000000,0x00000000c0190540,0x00000000c4000000)
 Metaspace       used 5669K, capacity 6896K, committed 7040K, reserved 1056768K
  class space    used 559K, capacity 616K, committed 640K, reserved 1048576K
}

Deoptimization events (10 events):
Event: 0.812 Thread 0x0000000016f18000 Uncommon trap: reason=unstable_if action=reinterpret pc=0x0000000002929570 method=com.android.dx.ssa.NormalSsaInsn.getLocalAssignment()Lcom/android/dx/rop/code/RegisterSpec; @ 12
Event: 0.822 Thread 0x0000000016f18000 Uncommon trap: reason=class_check action=maybe_recompile pc=0x0000000002902350 method=com.android.dx.rop.type.Type.equals(Ljava/lang/Object;)Z @ 8
Event: 0.822 Thread 0x0000000016f18000 Uncommon trap: reason=class_check action=maybe_recompile pc=0x0000000002902350 method=com.android.dx.rop.type.Type.equals(Ljava/lang/Object;)Z @ 8
Event: 0.829 Thread 0x0000000016f18000 Uncommon trap: reason=class_check action=maybe_recompile pc=0x00000000028ade28 method=com.android.dx.ssa.NormalSsaInsn.accept(Lcom/android/dx/ssa/SsaInsn$Visitor;)V @ 9
Event: 0.829 Thread 0x0000000016f18000 Uncommon trap: reason=class_check action=maybe_recompile pc=0x0000000002902350 method=com.android.dx.rop.type.Type.equals(Ljava/lang/Object;)Z @ 8
Event: 0.829 Thread 0x0000000016f18000 Uncommon trap: reason=class_check action=maybe_recompile pc=0x0000000002902350 method=com.android.dx.rop.type.Type.equals(Ljava/lang/Object;)Z @ 8
Event: 1.004 Thread 0x0000000016f18000 Uncommon trap: reason=class_check action=maybe_recompile pc=0x00000000028ade28 method=com.android.dx.ssa.NormalSsaInsn.accept(Lcom/android/dx/ssa/SsaInsn$Visitor;)V @ 9
Event: 1.023 Thread 0x0000000016f17800 Uncommon trap: reason=unloaded action=reinterpret pc=0x00000000028ada4c method=com.android.dx.ssa.SsaRenamer$BlockRenamer.visitMoveInsn(Lcom/android/dx/ssa/NormalSsaInsn;)V @ 208
Event: 1.024 Thread 0x0000000016f17800 Uncommon trap: reason=unstable_if action=reinterpret pc=0x00000000029e1a18 method=com.android.dx.rop.code.RegisterSpec.equals(ILcom/android/dx/rop/type/TypeBearer;Lcom/android/dx/rop/code/LocalItem;)Z @ 16
Event: 1.096 Thread 0x000000001701e800 Uncommon trap: reason=unstable_if action=reinterpret pc=0x00000000028471cc method=com.android.dx.rop.code.RegisterSpec.equals(ILcom/android/dx/rop/type/TypeBearer;Lcom/android/dx/rop/code/LocalItem;)Z @ 24

Internal exceptions (2 events):
Event: 0.125 Thread 0x00000000024d0800 Exception <a 'java/lang/NoSuchMethodError': Method sun.misc.Unsafe.defineClass(Ljava/lang/String;[BII)Ljava/lang/Class; name or signature does not match> (0x00000000eab07c78) thrown at [C:\src\android\AOSP-openjdk\external\jetbrains\jdk\hotspot\src\share\vaâµÍŠÀ?
Event: 0.125 Thread 0x00000000024d0800 Exception <a 'java/lang/NoSuchMethodError': Method sun.misc.Unsafe.prefetchRead(Ljava/lang/Object;J)V name or signature does not match> (0x00000000eab07f60) thrown at [C:\src\android\AOSP-openjdk\external\jetbrains\jdk\hotspot\src\share\vm\prims\jni.cpp, l`

Events (10 events):
Event: 1.135 Thread 0x0000000016f17800 DEOPT PACKING pc=0x000000000299302d sp=0x000000001775e530
Event: 1.135 Thread 0x0000000016f17800 DEOPT UNPACKING pc=0x00000000026171bf sp=0x000000001775e2c8 mode 0
Event: 1.169 loading class com/android/dx/cf/attrib/AttRuntimeInvisibleAnnotations
Event: 1.169 loading class com/android/dx/cf/attrib/AttRuntimeInvisibleAnnotations done
Event: 1.170 loading class com/android/dx/cf/attrib/BaseAnnotations
Event: 1.170 loading class com/android/dx/cf/attrib/BaseAnnotations done
Event: 1.187 Thread 0x000000001701e800 DEOPT PACKING pc=0x000000000299302d sp=0x000000001795eb00
Event: 1.188 Thread 0x000000001701e800 DEOPT UNPACKING pc=0x00000000026171bf sp=0x000000001795e898 mode 0
Event: 1.228 Thread 0x0000000016f18000 DEOPT PACKING pc=0x0000000002992fa7 sp=0x000000001785e3e0
Event: 1.228 Thread 0x0000000016f18000 DEOPT UNPACKING pc=0x00000000026171bf sp=0x000000001785e178 mode 0


Dynamic libraries:
0x00007ff6522e0000 - 0x00007ff652311000 	D:\Program Files\Android\Android Studio\jre\bin\java.exe
0x00007ffc1dd60000 - 0x00007ffc1df3b000 	C:\WINDOWS\SYSTEM32\ntdll.dll
0x00007ffc00cf0000 - 0x00007ffc00d44000 	C:\Program Files (x86)\AVG\Av\avghooka.dll
0x00007ffc1bc70000 - 0x00007ffc1bd1e000 	C:\WINDOWS\System32\KERNEL32.DLL
0x00007ffc1a730000 - 0x00007ffc1a979000 	C:\WINDOWS\System32\KERNELBASE.dll
0x00007ffc1d4b0000 - 0x00007ffc1d551000 	C:\WINDOWS\System32\ADVAPI32.dll
0x00007ffc1dac0000 - 0x00007ffc1db5d000 	C:\WINDOWS\System32\msvcrt.dll
0x00007ffc1d690000 - 0x00007ffc1d6e9000 	C:\WINDOWS\System32\sechost.dll
0x00007ffc1d560000 - 0x00007ffc1d685000 	C:\WINDOWS\System32\RPCRT4.dll
0x00007ffc1baf0000 - 0x00007ffc1bc3a000 	C:\WINDOWS\System32\USER32.dll
0x00007ffc1a710000 - 0x00007ffc1a72e000 	C:\WINDOWS\System32\win32u.dll
0x00007ffc1d290000 - 0x00007ffc1d2b7000 	C:\WINDOWS\System32\GDI32.dll
0x00007ffc1b130000 - 0x00007ffc1b2b9000 	C:\WINDOWS\System32\gdi32full.dll
0x00007ffc1a3e0000 - 0x00007ffc1a47a000 	C:\WINDOWS\System32\msvcp_win.dll
0x00007ffc1a280000 - 0x00007ffc1a376000 	C:\WINDOWS\System32\ucrtbase.dll
0x00007ffc11ae0000 - 0x00007ffc11d47000 	C:\WINDOWS\WinSxS\amd64_microsoft.windows.common-controls_6595b64144ccf1df_6.0.15063.0_none_108e4f62dfe5d999\COMCTL32.dll
0x00007ffc1d7b0000 - 0x00007ffc1daa9000 	C:\WINDOWS\System32\combase.dll
0x00007ffc1a650000 - 0x00007ffc1a6ba000 	C:\WINDOWS\System32\bcryptPrimitives.dll
0x00007ffc1d2c0000 - 0x00007ffc1d2ed000 	C:\WINDOWS\System32\IMM32.DLL
0x0000000066910000 - 0x00000000669e2000 	D:\Program Files\Android\Android Studio\jre\jre\bin\msvcr100.dll
0x0000000066ad0000 - 0x000000006730c000 	D:\Program Files\Android\Android Studio\jre\jre\bin\server\jvm.dll
0x00007ffc1bc60000 - 0x00007ffc1bc68000 	C:\WINDOWS\System32\PSAPI.DLL
0x00007ffc10dc0000 - 0x00007ffc10dc9000 	C:\WINDOWS\SYSTEM32\WSOCK32.dll
0x00007ffc1d2f0000 - 0x00007ffc1d35c000 	C:\WINDOWS\System32\WS2_32.dll
0x00007ffc18320000 - 0x00007ffc18343000 	C:\WINDOWS\SYSTEM32\WINMM.dll
0x00007ffc15500000 - 0x00007ffc1550a000 	C:\WINDOWS\SYSTEM32\VERSION.dll
0x00007ffc18190000 - 0x00007ffc181bb000 	C:\WINDOWS\SYSTEM32\WINMMBASE.dll
0x00007ffc1a6c0000 - 0x00007ffc1a709000 	C:\WINDOWS\System32\cfgmgr32.dll
0x00007ffc15020000 - 0x00007ffc1502f000 	D:\Program Files\Android\Android Studio\jre\jre\bin\verify.dll
0x00007ffc107a0000 - 0x00007ffc107c9000 	D:\Program Files\Android\Android Studio\jre\jre\bin\java.dll
0x00007ffc15000000 - 0x00007ffc15016000 	D:\Program Files\Android\Android Studio\jre\jre\bin\zip.dll
0x00007ffc1be50000 - 0x00007ffc1d287000 	C:\WINDOWS\System32\SHELL32.dll
0x00007ffc1b490000 - 0x00007ffc1b53a000 	C:\WINDOWS\System32\shcore.dll
0x00007ffc1a980000 - 0x00007ffc1b072000 	C:\WINDOWS\System32\windows.storage.dll
0x00007ffc1ba90000 - 0x00007ffc1bae1000 	C:\WINDOWS\System32\shlwapi.dll
0x00007ffc1a260000 - 0x00007ffc1a271000 	C:\WINDOWS\System32\kernel.appcore.dll
0x00007ffc1a1d0000 - 0x00007ffc1a21c000 	C:\WINDOWS\System32\powrprof.dll
0x00007ffc1a220000 - 0x00007ffc1a235000 	C:\WINDOWS\System32\profapi.dll

VM Arguments:
jvm_args: -Djava.awt.headless=true -Xmx1024M -Dfile.encoding=UTF-8 -Duser.country=ID -Duser.language=en -Duser.variant 
java_command: com.android.dx.command.Main --dex --force-jumbo --num-threads=4 --multi-dex --output D:\Libraries\Cloud\Dropbox\Android\Projects\Grandeur-Messenger\Grandeur\app\build\intermediates\transforms\dex\debug\folders\1000\5\slice_1 D:\Libraries\Cloud\Dropbox\Android\Projects\Grandeur-Messenger\Grandeur\app\build\intermediates\transforms\instantRunSlicer\debug\folders\1\5\slice_1
java_class_path (initial): D:\Android\sdk\build-tools\25.0.2\lib\dx.jar
Launcher Type: SUN_STANDARD

Environment Variables:
PATH=C:\ProgramData\Oracle\Java\javapath;C:\WINDOWS\system32;C:\WINDOWS;C:\WINDOWS\System32\Wbem;C:\WINDOWS\System32\WindowsPowerShell\v1.0\;D:\Program Files\Git\cmd;C:\Users\Ferick Andrew\AppData\Local\Microsoft\WindowsApps;D:\Program Files (x86)\FAHClient;
USERNAME=Ferick Andrew
OS=Windows_NT
PROCESSOR_IDENTIFIER=AMD64 Family 16 Model 10 Stepping 0, AuthenticAMD



---------------  S Y S T E M  ---------------

OS: Windows 10.0 , 64 bit Build 15063 (10.0.15063.0)

CPU:total 6 (6 cores per cpu, 1 threads per core) family 16 model 10 stepping 0, cmov, cx8, fxsr, mmx, sse, sse2, sse3, popcnt, mmxext, 3dnowpref, lzcnt, sse4a, tsc, tscinvbit, tscinv

Memory: 4k page, physical 6260452k(471768k free), swap 11220224k(444k free)

vm_info: OpenJDK 64-Bit Server VM (25.112-b06) for windows-amd64 JRE (1.8.0_112-release-b06), built on Dec  8 2016 00:54:26 by "builder" with MS VC++ 10.0 (VS2010)

time: Thu Mar 23 21:17:42 2017
elapsed time: 1 seconds (0d 0h 0m 1s)

