#
# There is insufficient memory for the Java Runtime Environment to continue.
# Native memory allocation (malloc) failed to allocate 145936 bytes for Chunk::new
# Possible reasons:
#   The system is out of physical RAM or swap space
#   In 32 bit mode, the process size limit was hit
# Possible solutions:
#   Reduce memory load on the system
#   Increase physical memory or swap space
#   Check if swap backing store is full
#   Use 64 bit Java on a 64 bit OS
#   Decrease Java heap size (-Xmx/-Xms)
#   Decrease number of Java threads
#   Decrease Java thread stack sizes (-Xss)
#   Set larger code cache with -XX:ReservedCodeCacheSize=
# This output file may be truncated or incomplete.
#
#  Out of Memory Error (allocation.cpp:390), pid=20856, tid=0x00000000000043c8
#
# JRE version: OpenJDK Runtime Environment (8.0_112-b06) (build 1.8.0_112-release-b06)
# Java VM: OpenJDK 64-Bit Server VM (25.112-b06 mixed mode windows-amd64 compressed oops)
# Failed to write core dump. Minidumps are not enabled by default on client versions of Windows
#

---------------  T H R E A D  ---------------

Current thread (0x0000000014c6e000):  JavaThread "C2 CompilerThread1" daemon [_thread_in_native, id=17352, stack(0x0000000016dd0000,0x0000000016ed0000)]

Stack: [0x0000000016dd0000,0x0000000016ed0000]
[error occurred during error reporting (printing stack bounds), id 0xc0000005]

Native frames: (J=compiled Java code, j=interpreted, Vv=VM code, C=native code)


Current CompileTask:
C2:    624  615       4       com.android.dx.ssa.SsaBasicBlock::forEachInsn (37 bytes)


---------------  P R O C E S S  ---------------

Java Threads: ( => current thread )
  0x0000000016c1a800 JavaThread "pool-2-thread-4" [_thread_in_Java, id=14928, stack(0x00000000175d0000,0x00000000176d0000)]
  0x0000000016b8a000 JavaThread "pool-2-thread-3" [_thread_in_Java, id=6860, stack(0x00000000174d0000,0x00000000175d0000)]
  0x0000000016b80000 JavaThread "pool-2-thread-2" [_thread_blocked, id=2408, stack(0x00000000173d0000,0x00000000174d0000)]
  0x0000000016b5f800 JavaThread "pool-3-thread-1" [_thread_blocked, id=18284, stack(0x00000000172d0000,0x00000000173d0000)]
  0x0000000016b5b800 JavaThread "pool-2-thread-1" [_thread_in_Java, id=21464, stack(0x00000000171d0000,0x00000000172d0000)]
  0x0000000016a23800 JavaThread "Service Thread" daemon [_thread_blocked, id=20328, stack(0x0000000016fd0000,0x00000000170d0000)]
  0x0000000016a07000 JavaThread "C1 CompilerThread2" daemon [_thread_in_native, id=20656, stack(0x0000000016ed0000,0x0000000016fd0000)]
=>0x0000000014c6e000 JavaThread "C2 CompilerThread1" daemon [_thread_in_native, id=17352, stack(0x0000000016dd0000,0x0000000016ed0000)]
  0x0000000014c51800 JavaThread "C2 CompilerThread0" daemon [_thread_in_native, id=18972, stack(0x00000000168d0000,0x00000000169d0000)]
  0x0000000014c4c000 JavaThread "Attach Listener" daemon [_thread_blocked, id=9596, stack(0x00000000167d0000,0x00000000168d0000)]
  0x0000000014c4b000 JavaThread "Signal Dispatcher" daemon [_thread_blocked, id=21008, stack(0x00000000166d0000,0x00000000167d0000)]
  0x0000000014c38800 JavaThread "Finalizer" daemon [_thread_blocked, id=11592, stack(0x00000000164e0000,0x00000000165e0000)]
  0x0000000002335000 JavaThread "Reference Handler" daemon [_thread_blocked, id=16032, stack(0x00000000163e0000,0x00000000164e0000)]
  0x0000000002240800 JavaThread "main" [_thread_blocked, id=19348, stack(0x0000000002140000,0x0000000002240000)]

Other Threads:
  0x0000000014c16800 VMThread [stack: 0x00000000162e0000,0x00000000163e0000] [id=20896]
  0x0000000016a27000 WatcherThread [stack: 0x00000000170d0000,0x00000000171d0000] [id=21180]

VM state:not at safepoint (normal execution)

VM Mutex/Monitor currently owned by a thread: None

Heap:
 PSYoungGen      total 28672K, used 13353K [0x00000000eab00000, 0x00000000ecb00000, 0x0000000100000000)
  eden space 24576K, 54% used [0x00000000eab00000,0x00000000eb80a778,0x00000000ec300000)
  from space 4096K, 0% used [0x00000000ec700000,0x00000000ec700000,0x00000000ecb00000)
  to   space 4096K, 0% used [0x00000000ec300000,0x00000000ec300000,0x00000000ec700000)
 ParOldGen       total 65536K, used 0K [0x00000000c0000000, 0x00000000c4000000, 0x00000000eab00000)
  object space 65536K, 0% used [0x00000000c0000000,0x00000000c0000000,0x00000000c4000000)
 Metaspace       used 5418K, capacity 6640K, committed 6784K, reserved 1056768K
  class space    used 551K, capacity 616K, committed 640K, reserved 1048576K

Card table byte_map: [0x0000000011700000,0x0000000011910000] byte_map_base: 0x0000000011100000

Marking Bits: (ParMarkBitMap*) 0x00000000672918f0
 Begin Bits: [0x0000000012070000, 0x0000000013070000)
 End Bits:   [0x0000000013070000, 0x0000000014070000)

Polling page: 0x0000000001fc0000

CodeCache: size=245760Kb used=2718Kb max_used=2723Kb free=243042Kb
 bounds [0x0000000002340000, 0x00000000025f0000, 0x0000000011340000]
 total_blobs=901 nmethods=641 adapters=174
 compilation: enabled

Compilation events (10 events):
Event: 0.612 Thread 0x0000000016a07000  657       3       com.android.dx.cf.code.RopperMachine::getSources (264 bytes)
Event: 0.617 Thread 0x0000000016a07000 nmethod 657 0x00000000025d5310 code [0x00000000025d5920, 0x00000000025da2b8]
Event: 0.617 Thread 0x0000000016a07000  659       3       com.android.dx.cf.code.ValueAwareMachine::run (1142 bytes)
Event: 0.618 Thread 0x0000000014c51800 

Event: 0.619 Thread 0x0000000014c51800  627       4       com.android.dx.ssa.NormalSsaInsn::isNormalMoveInsn (20 bytes)
Event: 0.620 Thread 0x0000000014c51800 nmethod 627 0x000000000259bf10 code [0x000000000259c040, 0x000000000259c0d8]
Event: 0.620 Thread 0x0000000014c51800  626       4       com.android.dx.rop.code.InsnList::get (9 bytes)
Event: 0.620 Thread 0x0000000014c51800 nmethod 626 0x00000000025decd0 code [0x00000000025dee20, 0x00000000025def18]
Event: 0.620 Thread 0x0000000014c51800  641       4       com.android.dx.rop.code.BasicBlockList::get (9 bytes)
Event: 0.621 Thread 0x0000000014c51800 nmethod 641 0x00000000025de950 code [0x00000000025deaa0, 0x00000000025deb78]

GC Heap History (0 events):
No events

Deoptimization events (2 events):
Event: 0.273 Thread 0x0000000002240800 Uncommon trap: reason=unstable_if action=reinterpret pc=0x000000000247e554 method=java.lang.String.indexOf(II)I @ 49
Event: 0.529 Thread 0x0000000016b5b800 Uncommon trap: reason=unstable_if action=reinterpret pc=0x000000000252f5cc method=java.util.HashMap.getNode(ILjava/lang/Object;)Ljava/util/HashMap$Node; @ 129

Internal exceptions (2 events):
Event: 0.095 Thread 0x0000000002240800 Exception <a 'java/lang/NoSuchMethodError': Method sun.misc.Unsafe.defineClass(Ljava/lang/String;[BII)Ljava/lang/Class; name or signature does not match> (0x00000000eab07c78) thrown at [C:\src\android\AOSP-openjdk\external\jetbrains\jdk\hotspot\src\share\vÕê1æh∏?
Event: 0.095 Thread 0x0000000002240800 Exception <a 'java/lang/NoSuchMethodError': Method sun.misc.Unsafe.prefetchRead(Ljava/lang/Object;J)V name or signature does not match> (0x00000000eab07f60) thrown at [C:\src\android\AOSP-openjdk\external\jetbrains\jdk\hotspot\src\share\vm\prims\jni.cpp, l`

Events (10 events):
Event: 0.505 loading class com/android/dx/cf/code/SwitchList done
Event: 0.524 loading class com/android/dx/ssa/back/FirstFitLocalCombiningAllocator$Multiset
Event: 0.524 loading class com/android/dx/ssa/back/FirstFitLocalCombiningAllocator$Multiset done
Event: 0.526 loading class java/util/DualPivotQuicksort
Event: 0.526 loading class java/util/DualPivotQuicksort done
Event: 0.529 Thread 0x0000000016b5b800 Uncommon trap: trap_request=0xffffff65 fr.pc=0x000000000252f5cc
Event: 0.529 Thread 0x0000000016b5b800 DEOPT PACKING pc=0x000000000252f5cc sp=0x00000000172ce460
Event: 0.529 Thread 0x0000000016b5b800 DEOPT UNPACKING pc=0x000000000238556a sp=0x00000000172ce3d8 mode 2
Event: 0.600 loading class com/android/dx/cf/code/BytecodeArray$ConstantParserVisitor
Event: 0.600 loading class com/android/dx/cf/code/BytecodeArray$ConstantParserVisitor done


Dynamic libraries:
0x00007ff6522e0000 - 0x00007ff652311000 	D:\Program Files\Android\Android Studio\jre\bin\java.exe
0x00007ffc1dd60000 - 0x00007ffc1df3b000 	C:\WINDOWS\SYSTEM32\ntdll.dll
0x00007ffc00cf0000 - 0x00007ffc00d44000 	C:\Program Files (x86)\AVG\Av\avghooka.dll
0x00007ffc1bc70000 - 0x00007ffc1bd1e000 	C:\WINDOWS\System32\KERNEL32.DLL
0x00007ffc1a730000 - 0x00007ffc1a979000 	C:\WINDOWS\System32\KERNELBASE.dll
0x00007ffc1d4b0000 - 0x00007ffc1d551000 	C:\WINDOWS\System32\ADVAPI32.dll
0x00007ffc1dac0000 - 0x00007ffc1db5d000 	C:\WINDOWS\System32\msvcrt.dll
0x00007ffc1d690000 - 0x00007ffc1d6e9000 	C:\WINDOWS\System32\sechost.dll
0x00007ffc1d560000 - 0x00007ffc1d685000 	C:\WINDOWS\System32\RPCRT4.dll
0x00007ffc1baf0000 - 0x00007ffc1bc3a000 	C:\WINDOWS\System32\USER32.dll
0x00007ffc1a710000 - 0x00007ffc1a72e000 	C:\WINDOWS\System32\win32u.dll
0x00007ffc1d290000 - 0x00007ffc1d2b7000 	C:\WINDOWS\System32\GDI32.dll
0x00007ffc1b130000 - 0x00007ffc1b2b9000 	C:\WINDOWS\System32\gdi32full.dll
0x00007ffc1a3e0000 - 0x00007ffc1a47a000 	C:\WINDOWS\System32\msvcp_win.dll
0x00007ffc1a280000 - 0x00007ffc1a376000 	C:\WINDOWS\System32\ucrtbase.dll
0x00007ffc11ae0000 - 0x00007ffc11d47000 	C:\WINDOWS\WinSxS\amd64_microsoft.windows.common-controls_6595b64144ccf1df_6.0.15063.0_none_108e4f62dfe5d999\COMCTL32.dll
0x00007ffc1d7b0000 - 0x00007ffc1daa9000 	C:\WINDOWS\System32\combase.dll
0x00007ffc1a650000 - 0x00007ffc1a6ba000 	C:\WINDOWS\System32\bcryptPrimitives.dll
0x00007ffc1d2c0000 - 0x00007ffc1d2ed000 	C:\WINDOWS\System32\IMM32.DLL
0x0000000066910000 - 0x00000000669e2000 	D:\Program Files\Android\Android Studio\jre\jre\bin\msvcr100.dll
0x0000000066ad0000 - 0x000000006730c000 	D:\Program Files\Android\Android Studio\jre\jre\bin\server\jvm.dll
0x00007ffc1bc60000 - 0x00007ffc1bc68000 	C:\WINDOWS\System32\PSAPI.DLL
0x00007ffc10dc0000 - 0x00007ffc10dc9000 	C:\WINDOWS\SYSTEM32\WSOCK32.dll
0x00007ffc1d2f0000 - 0x00007ffc1d35c000 	C:\WINDOWS\System32\WS2_32.dll
0x00007ffc18320000 - 0x00007ffc18343000 	C:\WINDOWS\SYSTEM32\WINMM.dll
0x00007ffc15500000 - 0x00007ffc1550a000 	C:\WINDOWS\SYSTEM32\VERSION.dll
0x00007ffc18190000 - 0x00007ffc181bb000 	C:\WINDOWS\SYSTEM32\WINMMBASE.dll
0x00007ffc1a6c0000 - 0x00007ffc1a709000 	C:\WINDOWS\System32\cfgmgr32.dll
0x00007ffc118c0000 - 0x00007ffc118cf000 	D:\Program Files\Android\Android Studio\jre\jre\bin\verify.dll
0x00007ffc0b700000 - 0x00007ffc0b729000 	D:\Program Files\Android\Android Studio\jre\jre\bin\java.dll
0x00007ffc0f430000 - 0x00007ffc0f446000 	D:\Program Files\Android\Android Studio\jre\jre\bin\zip.dll
0x00007ffc1be50000 - 0x00007ffc1d287000 	C:\WINDOWS\System32\SHELL32.dll
0x00007ffc1b490000 - 0x00007ffc1b53a000 	C:\WINDOWS\System32\shcore.dll
0x00007ffc1a980000 - 0x00007ffc1b072000 	C:\WINDOWS\System32\windows.storage.dll
0x00007ffc1ba90000 - 0x00007ffc1bae1000 	C:\WINDOWS\System32\shlwapi.dll
0x00007ffc1a260000 - 0x00007ffc1a271000 	C:\WINDOWS\System32\kernel.appcore.dll
0x00007ffc1a1d0000 - 0x00007ffc1a21c000 	C:\WINDOWS\System32\powrprof.dll
0x00007ffc1a220000 - 0x00007ffc1a235000 	C:\WINDOWS\System32\profapi.dll

VM Arguments:
jvm_args: -Djava.awt.headless=true -Xmx1024M -Dfile.encoding=UTF-8 -Duser.country=ID -Duser.language=en -Duser.variant 
java_command: com.android.dx.command.Main --dex --force-jumbo --num-threads=4 --multi-dex --output D:\Libraries\Cloud\Dropbox\Android\Projects\Grandeur-Messenger\Grandeur\app\build\intermediates\transforms\dex\debug\folders\1000\5\slice_4 D:\Libraries\Cloud\Dropbox\Android\Projects\Grandeur-Messenger\Grandeur\app\build\intermediates\transforms\instantRunSlicer\debug\folders\1\5\slice_4
java_class_path (initial): D:\Android\sdk\build-tools\25.0.2\lib\dx.jar
Launcher Type: SUN_STANDARD

Environment Variables:
PATH=C:\ProgramData\Oracle\Java\javapath;C:\WINDOWS\system32;C:\WINDOWS;C:\WINDOWS\System32\Wbem;C:\WINDOWS\System32\WindowsPowerShell\v1.0\;D:\Program Files\Git\cmd;C:\Users\Ferick Andrew\AppData\Local\Microsoft\WindowsApps;D:\Program Files (x86)\FAHClient;
USERNAME=Ferick Andrew
OS=Windows_NT
PROCESSOR_IDENTIFIER=AMD64 Family 16 Model 10 Stepping 0, AuthenticAMD



---------------  S Y S T E M  ---------------

OS: Windows 10.0 , 64 bit Build 15063 (10.0.15063.0)

CPU:total 6 (6 cores per cpu, 1 threads per core) family 16 model 10 stepping 0, cmov, cx8, fxsr, mmx, sse, sse2, sse3, popcnt, mmxext, 3dnowpref, lzcnt, sse4a, tsc, tscinvbit, tscinv

Memory: 4k page, physical 6260452k(1614296k free), swap 11279368k(5128k free)

vm_info: OpenJDK 64-Bit Server VM (25.112-b06) for windows-amd64 JRE (1.8.0_112-release-b06), built on Dec  8 2016 00:54:26 by "builder" with MS VC++ 10.0 (VS2010)

time: Thu Mar 23 21:12:36 2017
elapsed time: 0 seconds (0d 0h 0m 0s)

